<testsuites name="jest tests" tests="19" failures="0" time="2.961">
  <testsuite name="Thumbs component" errors="0" failures="0" skipped="0" timestamp="2019-01-07T14:26:14" time="0.848" tests="1">
    <testcase classname="Thumbs component can show a thumbnail of dropped file" name="Thumbs component can show a thumbnail of dropped file" time="0.016">
    </testcase>
  </testsuite>
  <testsuite name="Uploader component" errors="0" failures="0" skipped="0" timestamp="2019-01-07T14:26:14" time="1.013" tests="4">
    <testcase classname="Uploader component can show tags in list" name="Uploader component can show tags in list" time="0.053">
    </testcase>
    <testcase classname="Uploader component can show disabled cancel button" name="Uploader component can show disabled cancel button" time="0.006">
    </testcase>
    <testcase classname="Uploader component can provide a callback to update thumbnails" name="Uploader component can provide a callback to update thumbnails" time="0.003">
    </testcase>
    <testcase classname="Uploader component can provide a callback to update progress" name="Uploader component can provide a callback to update progress" time="0.001">
    </testcase>
  </testsuite>
  <testsuite name="App component" errors="0" failures="0" skipped="0" timestamp="2019-01-07T14:26:15" time="0.263" tests="2">
    <testcase classname="App component can show app" name="App component can show app" time="0.06">
    </testcase>
    <testcase classname="App component can provide a callback to update progress" name="App component can provide a callback to update progress" time="0.002">
    </testcase>
  </testsuite>
  <testsuite name="Tags component" errors="0" failures="0" skipped="0" timestamp="2019-01-07T14:26:15" time="0.121" tests="1">
    <testcase classname="Tags component can show tags in list" name="Tags component can show tags in list" time="0.006">
    </testcase>
  </testsuite>
  <testsuite name="ImmagaGateway" errors="0" failures="0" skipped="0" timestamp="2019-01-07T14:26:15" time="0.089" tests="1">
    <testcase classname="ImmagaGateway can send image file to remote service" name="ImmagaGateway can send image file to remote service" time="0.011">
    </testcase>
  </testsuite>
  <testsuite name="PreviewPresenter" errors="0" failures="0" skipped="0" timestamp="2019-01-07T14:26:15" time="0.067" tests="1">
    <testcase classname="PreviewPresenter can update progress bar during file upload" name="PreviewPresenter can update progress bar during file upload" time="0.002">
    </testcase>
  </testsuite>
  <testsuite name="RevokeUseCase" errors="0" failures="0" skipped="0" timestamp="2019-01-07T14:26:15" time="0.054" tests="1">
    <testcase classname="RevokeUseCase can generate a preview url for files" name="RevokeUseCase can generate a preview url for files" time="0.001">
    </testcase>
  </testsuite>
  <testsuite name="UploadPresenter" errors="0" failures="0" skipped="0" timestamp="2019-01-07T14:26:15" time="0.05" tests="1">
    <testcase classname="UploadPresenter can present results from remote service gateway" name="UploadPresenter can present results from remote service gateway" time="0.001">
    </testcase>
  </testsuite>
  <testsuite name="UploadOptionsPresenter" errors="0" failures="0" skipped="0" timestamp="2019-01-07T14:26:15" time="0.056" tests="1">
    <testcase classname="UploadOptionsPresenter can present options for remote service gateway" name="UploadOptionsPresenter can present options for remote service gateway" time="0.002">
    </testcase>
  </testsuite>
  <testsuite name="FilesUpload" errors="0" failures="0" skipped="0" timestamp="2019-01-07T14:26:15" time="0.128" tests="3">
    <testcase classname="FilesUpload extract preview URLs from files" name="FilesUpload extract preview URLs from files" time="0.004">
    </testcase>
    <testcase classname="FilesUpload creates FormData object from files" name="FilesUpload creates FormData object from files" time="0.001">
    </testcase>
    <testcase classname="FilesUpload can revoke a preview when component unmounts" name="FilesUpload can revoke a preview when component unmounts" time="0.001">
    </testcase>
  </testsuite>
  <testsuite name="UploadUseCase" errors="0" failures="0" skipped="0" timestamp="2019-01-07T14:26:16" time="0.084" tests="1">
    <testcase classname="UploadUseCase can use gateway to communicate with remote service" name="UploadUseCase can use gateway to communicate with remote service" time="0.002">
    </testcase>
  </testsuite>
  <testsuite name="PreviewUseCase" errors="0" failures="0" skipped="0" timestamp="2019-01-07T14:26:16" time="0.048" tests="1">
    <testcase classname="PreviewUseCase can generate a preview url for files" name="PreviewUseCase can generate a preview url for files" time="0.001">
    </testcase>
  </testsuite>
  <testsuite name="Droparea component" errors="0" failures="0" skipped="0" timestamp="2019-01-07T14:26:14" time="1.509" tests="1">
    <testcase classname="Droparea component can drop a file" name="Droparea component can drop a file" time="0.014">
    </testcase>
  </testsuite>
</testsuites>