<testsuites name="jest tests" tests="19" failures="0" time="2.701">
  <testsuite name="Droparea component" errors="0" failures="0" skipped="0" timestamp="2019-01-06T23:54:16" time="1.052" tests="1">
    <testcase classname="Droparea component can drop a file" name="Droparea component can drop a file" time="0.018">
    </testcase>
  </testsuite>
  <testsuite name="Uploader component" errors="0" failures="0" skipped="0" timestamp="2019-01-06T23:54:16" time="1.085" tests="4">
    <testcase classname="Uploader component can show tags in list" name="Uploader component can show tags in list" time="0.048">
    </testcase>
    <testcase classname="Uploader component can show disabled cancel button" name="Uploader component can show disabled cancel button" time="0.004">
    </testcase>
    <testcase classname="Uploader component can provide a callback to update thumbnails" name="Uploader component can provide a callback to update thumbnails" time="0.001">
    </testcase>
    <testcase classname="Uploader component can provide a callback to update progress" name="Uploader component can provide a callback to update progress" time="0.001">
    </testcase>
  </testsuite>
  <testsuite name="App component" errors="0" failures="0" skipped="0" timestamp="2019-01-06T23:54:16" time="1.109" tests="2">
    <testcase classname="App component can show app" name="App component can show app" time="0.057">
    </testcase>
    <testcase classname="App component can provide a callback to update progress" name="App component can provide a callback to update progress" time="0.009">
    </testcase>
  </testsuite>
  <testsuite name="ImmagaGateway" errors="0" failures="0" skipped="0" timestamp="2019-01-06T23:54:17" time="0.075" tests="1">
    <testcase classname="ImmagaGateway can send image file to remote service" name="ImmagaGateway can send image file to remote service" time="0.006">
    </testcase>
  </testsuite>
  <testsuite name="Tags component" errors="0" failures="0" skipped="0" timestamp="2019-01-06T23:54:17" time="0.132" tests="1">
    <testcase classname="Tags component can show tags in list" name="Tags component can show tags in list" time="0.008">
    </testcase>
  </testsuite>
  <testsuite name="Thumbs component" errors="0" failures="0" skipped="0" timestamp="2019-01-06T23:54:17" time="0.142" tests="1">
    <testcase classname="Thumbs component can show a thumbnail of dropped file" name="Thumbs component can show a thumbnail of dropped file" time="0.011">
    </testcase>
  </testsuite>
  <testsuite name="UploadOptionsPresenter" errors="0" failures="0" skipped="0" timestamp="2019-01-06T23:54:18" time="0.066" tests="1">
    <testcase classname="UploadOptionsPresenter can present options for remote service gateway" name="UploadOptionsPresenter can present options for remote service gateway" time="0.002">
    </testcase>
  </testsuite>
  <testsuite name="FilesUpload" errors="0" failures="0" skipped="0" timestamp="2019-01-06T23:54:18" time="0.074" tests="3">
    <testcase classname="FilesUpload extract preview URLs from files" name="FilesUpload extract preview URLs from files" time="0.003">
    </testcase>
    <testcase classname="FilesUpload creates FormData object from files" name="FilesUpload creates FormData object from files" time="0.004">
    </testcase>
    <testcase classname="FilesUpload can revoke a preview when component unmounts" name="FilesUpload can revoke a preview when component unmounts" time="0.001">
    </testcase>
  </testsuite>
  <testsuite name="UploadPresenter" errors="0" failures="0" skipped="0" timestamp="2019-01-06T23:54:18" time="0.051" tests="1">
    <testcase classname="UploadPresenter can present results from remote service gateway" name="UploadPresenter can present results from remote service gateway" time="0.003">
    </testcase>
  </testsuite>
  <testsuite name="PreviewUseCase" errors="0" failures="0" skipped="0" timestamp="2019-01-06T23:54:18" time="0.05" tests="1">
    <testcase classname="PreviewUseCase can generate a preview url for files" name="PreviewUseCase can generate a preview url for files" time="0">
    </testcase>
  </testsuite>
  <testsuite name="RevokeUseCase" errors="0" failures="0" skipped="0" timestamp="2019-01-06T23:54:18" time="0.068" tests="1">
    <testcase classname="RevokeUseCase can generate a preview url for files" name="RevokeUseCase can generate a preview url for files" time="0.001">
    </testcase>
  </testsuite>
  <testsuite name="PreviewPresenter" errors="0" failures="0" skipped="0" timestamp="2019-01-06T23:54:18" time="0.05" tests="1">
    <testcase classname="PreviewPresenter can update progress bar during file upload" name="PreviewPresenter can update progress bar during file upload" time="0.002">
    </testcase>
  </testsuite>
  <testsuite name="UploadUseCase" errors="0" failures="0" skipped="0" timestamp="2019-01-06T23:54:18" time="0.069" tests="1">
    <testcase classname="UploadUseCase can use gateway to communicate with remote service" name="UploadUseCase can use gateway to communicate with remote service" time="0.005">
    </testcase>
  </testsuite>
</testsuites>